<component name="libraryTable">
  <library name="junit-jupiter-api-5.13.0-M2">
    <CLASSES>
      <root url="jar://$PROJECT_DIR$/../Junit/junit-jupiter-api-5.13.0-M2.jar!/" />
      <root url="jar://$PROJECT_DIR$/../Junit/junit-jupiter-engine-5.13.0-M2.jar!/" />
      <root url="jar://$PROJECT_DIR$/../Junit/junit-platform-commons-1.13.0-M2.jar!/" />
      <root url="jar://$PROJECT_DIR$/../Junit/junit-platform-engine-1.13.0-M2.jar!/" />
    </CLASSES>
    <JAVADOC />
    <SOURCES />
  </library>
</component>